{"C:\\Users\\anton\\Desktop\\Code\\tecky-exercises\\Wear\\wear\\knexfile.ts": {"path":"C:\\Users\\anton\\Desktop\\Code\\tecky-exercises\\Wear\\wear\\knexfile.ts","statementMap":{"0":{"start":{"line":2,"column":0},"end":{"line":2,"column":33}},"1":{"start":{"line":4,"column":47},"end":{"line":69,"column":2}},"2":{"start":{"line":71,"column":0},"end":{"line":71,"column":24}}},"fnMap":{},"branchMap":{},"s":{"0":1,"1":1,"2":1},"f":{},"b":{}}
,"C:\\Users\\anton\\Desktop\\Code\\tecky-exercises\\Wear\\wear\\controllers\\userController.ts": {"path":"C:\\Users\\anton\\Desktop\\Code\\tecky-exercises\\Wear\\wear\\controllers\\userController.ts","statementMap":{"0":{"start":{"line":3,"column":0},"end":{"line":3,"column":40}},"1":{"start":{"line":4,"column":0},"end":{"line":4,"column":59}},"2":{"start":{"line":15,"column":0},"end":{"line":15,"column":13}},"3":{"start":{"line":16,"column":1},"end":{"line":16,"column":21}},"4":{"start":{"line":16,"column":21},"end":{"line":16,"column":45}},"5":{"start":{"line":16,"column":55},"end":{"line":16,"column":71}},"6":{"start":{"line":18,"column":1},"end":{"line":45,"column":3}},"7":{"start":{"line":18,"column":65},"end":{"line":45,"column":3}},"8":{"start":{"line":20,"column":9},"end":{"line":20,"column":68}},"9":{"start":{"line":22,"column":29},"end":{"line":22,"column":null}},"10":{"start":{"line":22,"column":9},"end":{"line":22,"column":null}},"11":{"start":{"line":24,"column":14},"end":{"line":24,"column":null}},"12":{"start":{"line":24,"column":7},"end":{"line":24,"column":null}},"13":{"start":{"line":26,"column":7},"end":{"line":26,"column":8}},"14":{"start":{"line":31,"column":11},"end":{"line":31,"column":76}},"15":{"start":{"line":31,"column":4},"end":{"line":31,"column":76}},"16":{"start":{"line":36,"column":3},"end":{"line":36,"column":34}},"17":{"start":{"line":40,"column":3},"end":{"line":40,"column":19}},"18":{"start":{"line":41,"column":3},"end":{"line":43,"column":6}},"19":{"start":{"line":47,"column":1},"end":{"line":57,"column":3}},"20":{"start":{"line":47,"column":60},"end":{"line":57,"column":3}},"21":{"start":{"line":48,"column":2},"end":{"line":56,"column":null}},"22":{"start":{"line":49,"column":3},"end":{"line":49,"column":27}},"23":{"start":{"line":50,"column":3},"end":{"line":50,"column":21}},"24":{"start":{"line":53,"column":3},"end":{"line":55,"column":6}},"25":{"start":{"line":59,"column":1},"end":{"line":104,"column":3}},"26":{"start":{"line":59,"column":59},"end":{"line":104,"column":3}},"27":{"start":{"line":61,"column":3},"end":{"line":61,"column":36}},"28":{"start":{"line":62,"column":7},"end":{"line":62,"column":29}},"29":{"start":{"line":63,"column":3},"end":{"line":68,"column":null}},"30":{"start":{"line":64,"column":4},"end":{"line":66,"column":7}},"31":{"start":{"line":67,"column":4},"end":{"line":67,"column":11}},"32":{"start":{"line":70,"column":19},"end":{"line":70,"column":null}},"33":{"start":{"line":70,"column":7},"end":{"line":70,"column":null}},"34":{"start":{"line":71,"column":3},"end":{"line":76,"column":null}},"35":{"start":{"line":72,"column":4},"end":{"line":74,"column":7}},"36":{"start":{"line":75,"column":4},"end":{"line":75,"column":11}},"37":{"start":{"line":78,"column":25},"end":{"line":78,"column":null}},"38":{"start":{"line":78,"column":7},"end":{"line":78,"column":null}},"39":{"start":{"line":80,"column":3},"end":{"line":85,"column":null}},"40":{"start":{"line":81,"column":4},"end":{"line":83,"column":7}},"41":{"start":{"line":84,"column":4},"end":{"line":84,"column":11}},"42":{"start":{"line":87,"column":3},"end":{"line":87,"column":29}},"43":{"start":{"line":89,"column":3},"end":{"line":93,"column":5}},"44":{"start":{"line":97,"column":3},"end":{"line":97,"column":34}},"45":{"start":{"line":100,"column":3},"end":{"line":102,"column":6}},"46":{"start":{"line":106,"column":1},"end":{"line":152,"column":3}},"47":{"start":{"line":106,"column":62},"end":{"line":152,"column":3}},"48":{"start":{"line":108,"column":7},"end":{"line":108,"column":52}},"49":{"start":{"line":110,"column":3},"end":{"line":115,"column":null}},"50":{"start":{"line":111,"column":4},"end":{"line":113,"column":7}},"51":{"start":{"line":114,"column":4},"end":{"line":114,"column":11}},"52":{"start":{"line":117,"column":3},"end":{"line":122,"column":null}},"53":{"start":{"line":118,"column":4},"end":{"line":120,"column":7}},"54":{"start":{"line":121,"column":4},"end":{"line":121,"column":11}},"55":{"start":{"line":124,"column":14},"end":{"line":124,"column":null}},"56":{"start":{"line":124,"column":7},"end":{"line":124,"column":null}},"57":{"start":{"line":126,"column":3},"end":{"line":131,"column":null}},"58":{"start":{"line":127,"column":4},"end":{"line":129,"column":7}},"59":{"start":{"line":130,"column":4},"end":{"line":130,"column":11}},"60":{"start":{"line":133,"column":24},"end":{"line":133,"column":null}},"61":{"start":{"line":133,"column":7},"end":{"line":133,"column":null}},"62":{"start":{"line":135,"column":10},"end":{"line":135,"column":73}},"63":{"start":{"line":135,"column":3},"end":{"line":135,"column":73}},"64":{"start":{"line":137,"column":3},"end":{"line":137,"column":24}},"65":{"start":{"line":138,"column":3},"end":{"line":142,"column":5}},"66":{"start":{"line":144,"column":3},"end":{"line":144,"column":18}},"67":{"start":{"line":148,"column":3},"end":{"line":150,"column":6}},"68":{"start":{"line":154,"column":1},"end":{"line":157,"column":3}},"69":{"start":{"line":155,"column":2},"end":{"line":155,"column":35}},"70":{"start":{"line":158,"column":0},"end":{"line":158,"column":null}},"71":{"start":{"line":15,"column":13},"end":{"line":15,"column":27}}},"fnMap":{"0":{"name":"(anonymous_13)","decl":{"start":{"line":15,"column":0},"end":{"line":15,"column":13}},"loc":{"start":{"line":15,"column":0},"end":{"line":158,"column":null}}},"1":{"name":"UserController","decl":{"start":{"line":16,"column":1},"end":{"line":16,"column":21}},"loc":{"start":{"line":16,"column":71},"end":{"line":16,"column":75}}},"2":{"name":"(anonymous_15)","decl":{"start":{"line":18,"column":15},"end":{"line":18,"column":22}},"loc":{"start":{"line":18,"column":65},"end":{"line":45,"column":3}}},"3":{"name":"(anonymous_16)","decl":{"start":{"line":18,"column":65},"end":{"line":18,"column":null}},"loc":{"start":{"line":18,"column":65},"end":{"line":45,"column":3}}},"4":{"name":"(anonymous_18)","decl":{"start":{"line":47,"column":10},"end":{"line":47,"column":17}},"loc":{"start":{"line":47,"column":60},"end":{"line":57,"column":3}}},"5":{"name":"(anonymous_19)","decl":{"start":{"line":47,"column":60},"end":{"line":47,"column":null}},"loc":{"start":{"line":47,"column":60},"end":{"line":57,"column":3}}},"6":{"name":"(anonymous_21)","decl":{"start":{"line":59,"column":9},"end":{"line":59,"column":16}},"loc":{"start":{"line":59,"column":59},"end":{"line":104,"column":3}}},"7":{"name":"(anonymous_22)","decl":{"start":{"line":59,"column":59},"end":{"line":59,"column":null}},"loc":{"start":{"line":59,"column":59},"end":{"line":104,"column":3}}},"8":{"name":"(anonymous_24)","decl":{"start":{"line":106,"column":12},"end":{"line":106,"column":19}},"loc":{"start":{"line":106,"column":62},"end":{"line":152,"column":3}}},"9":{"name":"(anonymous_25)","decl":{"start":{"line":106,"column":62},"end":{"line":106,"column":null}},"loc":{"start":{"line":106,"column":62},"end":{"line":152,"column":3}}},"10":{"name":"(anonymous_27)","decl":{"start":{"line":154,"column":21},"end":{"line":154,"column":22}},"loc":{"start":{"line":154,"column":65},"end":{"line":157,"column":2}}}},"branchMap":{"0":{"loc":{"start":{"line":20,"column":23},"end":{"line":20,"column":67}},"type":"cond-expr","locations":[{"start":{"line":20,"column":34},"end":{"line":20,"column":37}},{"start":{"line":20,"column":34},"end":{"line":20,"column":67}}]},"1":{"loc":{"start":{"line":20,"column":23},"end":{"line":20,"column":37}},"type":"binary-expr","locations":[{"start":{"line":20,"column":23},"end":{"line":20,"column":37}},{"start":{"line":20,"column":34},"end":{"line":20,"column":37}}]},"2":{"loc":{"start":{"line":26,"column":7},"end":{"line":26,"column":8}},"type":"if","locations":[{"start":{"line":26,"column":7},"end":{"line":26,"column":8}}]},"3":{"loc":{"start":{"line":63,"column":3},"end":{"line":68,"column":null}},"type":"if","locations":[{"start":{"line":63,"column":3},"end":{"line":68,"column":null}}]},"4":{"loc":{"start":{"line":63,"column":7},"end":{"line":63,"column":26}},"type":"binary-expr","locations":[{"start":{"line":63,"column":7},"end":{"line":63,"column":13}},{"start":{"line":63,"column":17},"end":{"line":63,"column":26}}]},"5":{"loc":{"start":{"line":71,"column":3},"end":{"line":76,"column":null}},"type":"if","locations":[{"start":{"line":71,"column":3},"end":{"line":76,"column":null}}]},"6":{"loc":{"start":{"line":80,"column":3},"end":{"line":85,"column":null}},"type":"if","locations":[{"start":{"line":80,"column":3},"end":{"line":85,"column":null}}]},"7":{"loc":{"start":{"line":110,"column":3},"end":{"line":115,"column":null}},"type":"if","locations":[{"start":{"line":110,"column":3},"end":{"line":115,"column":null}}]},"8":{"loc":{"start":{"line":110,"column":7},"end":{"line":110,"column":35}},"type":"binary-expr","locations":[{"start":{"line":110,"column":7},"end":{"line":110,"column":12}},{"start":{"line":110,"column":16},"end":{"line":110,"column":25}},{"start":{"line":110,"column":29},"end":{"line":110,"column":35}}]},"9":{"loc":{"start":{"line":117,"column":3},"end":{"line":122,"column":null}},"type":"if","locations":[{"start":{"line":117,"column":3},"end":{"line":122,"column":null}}]},"10":{"loc":{"start":{"line":126,"column":3},"end":{"line":131,"column":null}},"type":"if","locations":[{"start":{"line":126,"column":3},"end":{"line":131,"column":null}}]},"11":{"loc":{"start":{"line":155,"column":11},"end":{"line":155,"column":33}},"type":"binary-expr","locations":[{"start":{"line":155,"column":11},"end":{"line":155,"column":27}},{"start":{"line":155,"column":31},"end":{"line":155,"column":33}}]}},"s":{"0":1,"1":1,"2":1,"3":10,"4":10,"5":10,"6":10,"7":1,"8":1,"9":1,"10":1,"11":1,"12":1,"13":2,"14":0,"15":0,"16":1,"17":0,"18":0,"19":10,"20":1,"21":1,"22":1,"23":1,"24":0,"25":10,"26":3,"27":3,"28":3,"29":3,"30":2,"31":2,"32":1,"33":1,"34":1,"35":0,"36":0,"37":1,"38":1,"39":1,"40":1,"41":1,"42":0,"43":0,"44":0,"45":0,"46":10,"47":6,"48":6,"49":6,"50":4,"51":4,"52":2,"53":1,"54":1,"55":1,"56":1,"57":1,"58":1,"59":1,"60":0,"61":0,"62":0,"63":0,"64":0,"65":0,"66":0,"67":0,"68":10,"69":1,"70":1,"71":1},"f":{"0":1,"1":10,"2":1,"3":1,"4":1,"5":1,"6":3,"7":3,"8":6,"9":6,"10":1},"b":{"0":[1,0],"1":[1,1],"2":[1],"3":[2],"4":[3,2],"5":[0],"6":[1],"7":[4],"8":[6,3,2],"9":[1],"10":[1],"11":[1,0]}}
,"C:\\Users\\anton\\Desktop\\Code\\tecky-exercises\\Wear\\wear\\services\\userService.ts": {"path":"C:\\Users\\anton\\Desktop\\Code\\tecky-exercises\\Wear\\wear\\services\\userService.ts","statementMap":{"0":{"start":{"line":1,"column":0},"end":{"line":1,"column":44}},"1":{"start":{"line":3,"column":0},"end":{"line":3,"column":32}},"2":{"start":{"line":4,"column":0},"end":{"line":4,"column":28}},"3":{"start":{"line":7,"column":0},"end":{"line":7,"column":13}},"4":{"start":{"line":8,"column":21},"end":{"line":8,"column":31}},"5":{"start":{"line":10,"column":7},"end":{"line":18,"column":null}},"6":{"start":{"line":12,"column":14},"end":{"line":12,"column":null}},"7":{"start":{"line":12,"column":7},"end":{"line":12,"column":null}},"8":{"start":{"line":14,"column":3},"end":{"line":14,"column":15}},"9":{"start":{"line":16,"column":3},"end":{"line":16,"column":45}},"10":{"start":{"line":20,"column":7},"end":{"line":39,"column":null}},"11":{"start":{"line":23,"column":2},"end":{"line":23,"column":null}},"12":{"start":{"line":26,"column":15},"end":{"line":32,"column":null}},"13":{"start":{"line":26,"column":7},"end":{"line":32,"column":null}},"14":{"start":{"line":34,"column":3},"end":{"line":34,"column":19}},"15":{"start":{"line":37,"column":3},"end":{"line":37,"column":39}},"16":{"start":{"line":41,"column":7},"end":{"line":51,"column":null}},"17":{"start":{"line":42,"column":19},"end":{"line":47,"column":null}},"18":{"start":{"line":42,"column":8},"end":{"line":47,"column":null}},"19":{"start":{"line":49,"column":28},"end":{"line":49,"column":null}},"20":{"start":{"line":49,"column":8},"end":{"line":49,"column":null}},"21":{"start":{"line":50,"column":2},"end":{"line":50,"column":27}},"22":{"start":{"line":53,"column":7},"end":{"line":68,"column":null}},"23":{"start":{"line":55,"column":2},"end":{"line":55,"column":null}},"24":{"start":{"line":57,"column":23},"end":{"line":57,"column":null}},"25":{"start":{"line":57,"column":6},"end":{"line":57,"column":null}},"26":{"start":{"line":58,"column":6},"end":{"line":58,"column":40}},"27":{"start":{"line":60,"column":14},"end":{"line":66,"column":null}},"28":{"start":{"line":60,"column":6},"end":{"line":66,"column":null}},"29":{"start":{"line":67,"column":2},"end":{"line":67,"column":18}},"30":{"start":{"line":69,"column":0},"end":{"line":69,"column":null}},"31":{"start":{"line":7,"column":13},"end":{"line":7,"column":24}}},"fnMap":{"0":{"name":"(anonymous_14)","decl":{"start":{"line":7,"column":0},"end":{"line":7,"column":13}},"loc":{"start":{"line":7,"column":0},"end":{"line":69,"column":null}}},"1":{"name":"UserService","decl":{"start":{"line":8,"column":1},"end":{"line":8,"column":21}},"loc":{"start":{"line":8,"column":31},"end":{"line":8,"column":35}}},"2":{"name":"(anonymous_16)","decl":{"start":{"line":10,"column":1},"end":{"line":10,"column":7}},"loc":{"start":{"line":10,"column":35},"end":{"line":18,"column":null}}},"3":{"name":"(anonymous_19)","decl":{"start":{"line":20,"column":1},"end":{"line":20,"column":7}},"loc":{"start":{"line":23,"column":52},"end":{"line":39,"column":null}}},"4":{"name":"(anonymous_22)","decl":{"start":{"line":41,"column":1},"end":{"line":41,"column":7}},"loc":{"start":{"line":41,"column":47},"end":{"line":51,"column":null}}},"5":{"name":"(anonymous_25)","decl":{"start":{"line":53,"column":1},"end":{"line":53,"column":7}},"loc":{"start":{"line":55,"column":52},"end":{"line":68,"column":null}}}},"branchMap":{"0":{"loc":{"start":{"line":23,"column":2},"end":{"line":23,"column":null}},"type":"if","locations":[{"start":{"line":23,"column":2},"end":{"line":23,"column":null}}]},"1":{"loc":{"start":{"line":42,"column":19},"end":{"line":47,"column":null}},"type":"switch","locations":[{"start":{"line":42,"column":19},"end":{"line":47,"column":null}}]},"2":{"loc":{"start":{"line":55,"column":2},"end":{"line":55,"column":null}},"type":"if","locations":[{"start":{"line":55,"column":2},"end":{"line":55,"column":null}}]},"3":{"loc":{"start":{"line":57,"column":23},"end":{"line":57,"column":null}},"type":"switch","locations":[{"start":{"line":57,"column":23},"end":{"line":57,"column":null}}]}},"s":{"0":2,"1":2,"2":2,"3":2,"4":11,"5":2,"6":0,"7":0,"8":0,"9":0,"10":2,"11":0,"12":0,"13":0,"14":0,"15":0,"16":2,"17":0,"18":0,"19":0,"20":0,"21":0,"22":2,"23":0,"24":0,"25":0,"26":0,"27":0,"28":0,"29":0,"30":2,"31":2},"f":{"0":2,"1":11,"2":0,"3":0,"4":0,"5":0},"b":{"0":[0],"1":[0],"2":[0],"3":[0]}}
,"C:\\Users\\anton\\Desktop\\Code\\tecky-exercises\\Wear\\wear\\util\\env.ts": {"path":"C:\\Users\\anton\\Desktop\\Code\\tecky-exercises\\Wear\\wear\\util\\env.ts","statementMap":{"0":{"start":{"line":1,"column":0},"end":{"line":1,"column":28}},"1":{"start":{"line":3,"column":0},"end":{"line":3,"column":16}},"2":{"start":{"line":5,"column":13},"end":{"line":12,"column":2}}},"fnMap":{},"branchMap":{},"s":{"0":1,"1":1,"2":1},"f":{},"b":{}}
,"C:\\Users\\anton\\Desktop\\Code\\tecky-exercises\\Wear\\wear\\util\\hash.ts": {"path":"C:\\Users\\anton\\Desktop\\Code\\tecky-exercises\\Wear\\wear\\util\\hash.ts","statementMap":{"0":{"start":{"line":1,"column":0},"end":{"line":1,"column":35}},"1":{"start":{"line":3,"column":20},"end":{"line":3,"column":21}},"2":{"start":{"line":9,"column":22},"end":{"line":9,"column":null}},"3":{"start":{"line":9,"column":7},"end":{"line":9,"column":null}},"4":{"start":{"line":10,"column":1},"end":{"line":10,"column":13}},"5":{"start":{"line":8,"column":0},"end":{"line":8,"column":22}},"6":{"start":{"line":18,"column":28},"end":{"line":18,"column":null}},"7":{"start":{"line":18,"column":7},"end":{"line":18,"column":null}},"8":{"start":{"line":19,"column":1},"end":{"line":19,"column":18}},"9":{"start":{"line":17,"column":0},"end":{"line":17,"column":22}}},"fnMap":{"0":{"name":"hashPassword","decl":{"start":{"line":8,"column":22},"end":{"line":8,"column":34}},"loc":{"start":{"line":8,"column":56},"end":{"line":11,"column":null}}},"1":{"name":"checkPassword","decl":{"start":{"line":17,"column":22},"end":{"line":17,"column":35}},"loc":{"start":{"line":17,"column":81},"end":{"line":20,"column":null}}}},"branchMap":{"0":{"loc":{"start":{"line":9,"column":22},"end":{"line":9,"column":null}},"type":"switch","locations":[{"start":{"line":9,"column":22},"end":{"line":9,"column":null}}]},"1":{"loc":{"start":{"line":18,"column":28},"end":{"line":18,"column":null}},"type":"switch","locations":[{"start":{"line":18,"column":28},"end":{"line":18,"column":null}}]}},"s":{"0":2,"1":2,"2":1,"3":1,"4":1,"5":2,"6":1,"7":1,"8":1,"9":2},"f":{"0":1,"1":1},"b":{"0":[1],"1":[1]}}
,"C:\\Users\\anton\\Desktop\\Code\\tecky-exercises\\Wear\\wear\\util\\logger.ts": {"path":"C:\\Users\\anton\\Desktop\\Code\\tecky-exercises\\Wear\\wear\\util\\logger.ts","statementMap":{"0":{"start":{"line":1,"column":0},"end":{"line":1,"column":30}},"1":{"start":{"line":3,"column":18},"end":{"line":6,"column":2}},"2":{"start":{"line":4,"column":12},"end":{"line":4,"column":36}},"3":{"start":{"line":5,"column":1},"end":{"line":5,"column":52}},"4":{"start":{"line":8,"column":13},"end":{"line":12,"column":3}}},"fnMap":{"0":{"name":"(anonymous_1)","decl":{"start":{"line":3,"column":40},"end":{"line":3,"column":50}},"loc":{"start":{"line":3,"column":54},"end":{"line":6,"column":1}}}},"branchMap":{},"s":{"0":1,"1":1,"2":3,"3":3,"4":1},"f":{"0":3},"b":{}}
,"C:\\Users\\anton\\Desktop\\Code\\tecky-exercises\\Wear\\wear\\util\\test-helper.ts": {"path":"C:\\Users\\anton\\Desktop\\Code\\tecky-exercises\\Wear\\wear\\util\\test-helper.ts","statementMap":{"0":{"start":{"line":12,"column":1},"end":{"line":19,"column":25}},"1":{"start":{"line":11,"column":0},"end":{"line":11,"column":16}},"2":{"start":{"line":23,"column":14},"end":{"line":23,"column":33}},"3":{"start":{"line":23,"column":28},"end":{"line":23,"column":33}},"4":{"start":{"line":24,"column":18},"end":{"line":24,"column":37}},"5":{"start":{"line":24,"column":32},"end":{"line":24,"column":37}},"6":{"start":{"line":26,"column":1},"end":{"line":32,"column":26}},"7":{"start":{"line":28,"column":3},"end":{"line":28,"column":29}},"8":{"start":{"line":22,"column":0},"end":{"line":22,"column":16}}},"fnMap":{"0":{"name":"createRequest","decl":{"start":{"line":11,"column":16},"end":{"line":11,"column":29}},"loc":{"start":{"line":11,"column":29},"end":{"line":20,"column":1}}},"1":{"name":"createResponse","decl":{"start":{"line":22,"column":16},"end":{"line":22,"column":30}},"loc":{"start":{"line":22,"column":30},"end":{"line":33,"column":1}}},"2":{"name":"(anonymous_2)","decl":{"start":{"line":23,"column":22},"end":{"line":23,"column":28}},"loc":{"start":{"line":23,"column":22},"end":{"line":23,"column":32}}},"3":{"name":"(anonymous_3)","decl":{"start":{"line":24,"column":26},"end":{"line":24,"column":32}},"loc":{"start":{"line":24,"column":26},"end":{"line":24,"column":36}}},"4":{"name":"(anonymous_4)","decl":{"start":{"line":27,"column":18},"end":{"line":27,"column":19}},"loc":{"start":{"line":27,"column":33},"end":{"line":29,"column":3}}}},"branchMap":{},"s":{"0":10,"1":1,"2":10,"3":10,"4":10,"5":2,"6":10,"7":9,"8":1},"f":{"0":10,"1":10,"2":10,"3":2,"4":9},"b":{}}
}
