{"/Users/lvccwk/Desktop/wear/knexfile.ts": {"path":"/Users/lvccwk/Desktop/wear/knexfile.ts","statementMap":{"0":{"start":{"line":2,"column":0},"end":{"line":2,"column":33}},"1":{"start":{"line":4,"column":47},"end":{"line":69,"column":2}},"2":{"start":{"line":71,"column":0},"end":{"line":71,"column":24}}},"fnMap":{},"branchMap":{},"s":{"0":1,"1":1,"2":1},"f":{},"b":{}}
,"/Users/lvccwk/Desktop/wear/controllers/userController.ts": {"path":"/Users/lvccwk/Desktop/wear/controllers/userController.ts","statementMap":{"0":{"start":{"line":3,"column":0},"end":{"line":3,"column":40}},"1":{"start":{"line":4,"column":0},"end":{"line":4,"column":59}},"2":{"start":{"line":15,"column":0},"end":{"line":15,"column":13}},"3":{"start":{"line":16,"column":1},"end":{"line":16,"column":21}},"4":{"start":{"line":16,"column":21},"end":{"line":16,"column":45}},"5":{"start":{"line":16,"column":55},"end":{"line":16,"column":71}},"6":{"start":{"line":18,"column":1},"end":{"line":45,"column":3}},"7":{"start":{"line":18,"column":65},"end":{"line":45,"column":3}},"8":{"start":{"line":20,"column":9},"end":{"line":20,"column":68}},"9":{"start":{"line":22,"column":29},"end":{"line":22,"column":null}},"10":{"start":{"line":22,"column":9},"end":{"line":22,"column":null}},"11":{"start":{"line":24,"column":14},"end":{"line":24,"column":null}},"12":{"start":{"line":24,"column":7},"end":{"line":24,"column":null}},"13":{"start":{"line":26,"column":7},"end":{"line":26,"column":8}},"14":{"start":{"line":31,"column":11},"end":{"line":31,"column":76}},"15":{"start":{"line":31,"column":4},"end":{"line":31,"column":76}},"16":{"start":{"line":36,"column":3},"end":{"line":36,"column":34}},"17":{"start":{"line":40,"column":3},"end":{"line":40,"column":19}},"18":{"start":{"line":41,"column":3},"end":{"line":43,"column":6}},"19":{"start":{"line":47,"column":1},"end":{"line":57,"column":3}},"20":{"start":{"line":47,"column":60},"end":{"line":57,"column":3}},"21":{"start":{"line":48,"column":2},"end":{"line":56,"column":null}},"22":{"start":{"line":49,"column":3},"end":{"line":49,"column":27}},"23":{"start":{"line":50,"column":3},"end":{"line":50,"column":21}},"24":{"start":{"line":53,"column":3},"end":{"line":55,"column":6}},"25":{"start":{"line":59,"column":1},"end":{"line":104,"column":3}},"26":{"start":{"line":59,"column":59},"end":{"line":104,"column":3}},"27":{"start":{"line":61,"column":3},"end":{"line":61,"column":36}},"28":{"start":{"line":62,"column":7},"end":{"line":62,"column":29}},"29":{"start":{"line":63,"column":3},"end":{"line":68,"column":null}},"30":{"start":{"line":64,"column":4},"end":{"line":66,"column":7}},"31":{"start":{"line":67,"column":4},"end":{"line":67,"column":11}},"32":{"start":{"line":70,"column":19},"end":{"line":70,"column":null}},"33":{"start":{"line":70,"column":7},"end":{"line":70,"column":null}},"34":{"start":{"line":71,"column":3},"end":{"line":76,"column":null}},"35":{"start":{"line":72,"column":4},"end":{"line":74,"column":7}},"36":{"start":{"line":75,"column":4},"end":{"line":75,"column":11}},"37":{"start":{"line":78,"column":25},"end":{"line":78,"column":null}},"38":{"start":{"line":78,"column":7},"end":{"line":78,"column":null}},"39":{"start":{"line":80,"column":3},"end":{"line":85,"column":null}},"40":{"start":{"line":81,"column":4},"end":{"line":83,"column":7}},"41":{"start":{"line":84,"column":4},"end":{"line":84,"column":11}},"42":{"start":{"line":87,"column":3},"end":{"line":87,"column":29}},"43":{"start":{"line":89,"column":3},"end":{"line":93,"column":5}},"44":{"start":{"line":97,"column":3},"end":{"line":97,"column":34}},"45":{"start":{"line":100,"column":3},"end":{"line":102,"column":6}},"46":{"start":{"line":106,"column":1},"end":{"line":154,"column":3}},"47":{"start":{"line":106,"column":62},"end":{"line":154,"column":3}},"48":{"start":{"line":108,"column":7},"end":{"line":108,"column":52}},"49":{"start":{"line":110,"column":3},"end":{"line":115,"column":null}},"50":{"start":{"line":111,"column":4},"end":{"line":113,"column":7}},"51":{"start":{"line":114,"column":4},"end":{"line":114,"column":11}},"52":{"start":{"line":117,"column":3},"end":{"line":122,"column":null}},"53":{"start":{"line":118,"column":4},"end":{"line":120,"column":7}},"54":{"start":{"line":121,"column":4},"end":{"line":121,"column":11}},"55":{"start":{"line":124,"column":14},"end":{"line":124,"column":null}},"56":{"start":{"line":124,"column":7},"end":{"line":124,"column":null}},"57":{"start":{"line":126,"column":3},"end":{"line":131,"column":null}},"58":{"start":{"line":127,"column":4},"end":{"line":129,"column":7}},"59":{"start":{"line":130,"column":4},"end":{"line":130,"column":11}},"60":{"start":{"line":133,"column":24},"end":{"line":133,"column":null}},"61":{"start":{"line":133,"column":7},"end":{"line":133,"column":null}},"62":{"start":{"line":135,"column":10},"end":{"line":135,"column":73}},"63":{"start":{"line":135,"column":3},"end":{"line":135,"column":73}},"64":{"start":{"line":137,"column":3},"end":{"line":137,"column":24}},"65":{"start":{"line":138,"column":3},"end":{"line":142,"column":5}},"66":{"start":{"line":144,"column":3},"end":{"line":146,"column":6}},"67":{"start":{"line":150,"column":3},"end":{"line":152,"column":6}},"68":{"start":{"line":156,"column":1},"end":{"line":159,"column":3}},"69":{"start":{"line":157,"column":2},"end":{"line":157,"column":35}},"70":{"start":{"line":160,"column":0},"end":{"line":160,"column":null}},"71":{"start":{"line":15,"column":13},"end":{"line":15,"column":27}}},"fnMap":{"0":{"name":"(anonymous_13)","decl":{"start":{"line":15,"column":0},"end":{"line":15,"column":13}},"loc":{"start":{"line":15,"column":0},"end":{"line":160,"column":null}}},"1":{"name":"UserController","decl":{"start":{"line":16,"column":1},"end":{"line":16,"column":21}},"loc":{"start":{"line":16,"column":71},"end":{"line":16,"column":75}}},"2":{"name":"(anonymous_15)","decl":{"start":{"line":18,"column":15},"end":{"line":18,"column":22}},"loc":{"start":{"line":18,"column":65},"end":{"line":45,"column":3}}},"3":{"name":"(anonymous_16)","decl":{"start":{"line":18,"column":65},"end":{"line":18,"column":null}},"loc":{"start":{"line":18,"column":65},"end":{"line":45,"column":3}}},"4":{"name":"(anonymous_18)","decl":{"start":{"line":47,"column":10},"end":{"line":47,"column":17}},"loc":{"start":{"line":47,"column":60},"end":{"line":57,"column":3}}},"5":{"name":"(anonymous_19)","decl":{"start":{"line":47,"column":60},"end":{"line":47,"column":null}},"loc":{"start":{"line":47,"column":60},"end":{"line":57,"column":3}}},"6":{"name":"(anonymous_21)","decl":{"start":{"line":59,"column":9},"end":{"line":59,"column":16}},"loc":{"start":{"line":59,"column":59},"end":{"line":104,"column":3}}},"7":{"name":"(anonymous_22)","decl":{"start":{"line":59,"column":59},"end":{"line":59,"column":null}},"loc":{"start":{"line":59,"column":59},"end":{"line":104,"column":3}}},"8":{"name":"(anonymous_24)","decl":{"start":{"line":106,"column":12},"end":{"line":106,"column":19}},"loc":{"start":{"line":106,"column":62},"end":{"line":154,"column":3}}},"9":{"name":"(anonymous_25)","decl":{"start":{"line":106,"column":62},"end":{"line":106,"column":null}},"loc":{"start":{"line":106,"column":62},"end":{"line":154,"column":3}}},"10":{"name":"(anonymous_27)","decl":{"start":{"line":156,"column":21},"end":{"line":156,"column":22}},"loc":{"start":{"line":156,"column":65},"end":{"line":159,"column":2}}}},"branchMap":{"0":{"loc":{"start":{"line":20,"column":23},"end":{"line":20,"column":67}},"type":"cond-expr","locations":[{"start":{"line":20,"column":34},"end":{"line":20,"column":37}},{"start":{"line":20,"column":34},"end":{"line":20,"column":67}}]},"1":{"loc":{"start":{"line":20,"column":23},"end":{"line":20,"column":37}},"type":"binary-expr","locations":[{"start":{"line":20,"column":23},"end":{"line":20,"column":37}},{"start":{"line":20,"column":34},"end":{"line":20,"column":37}}]},"2":{"loc":{"start":{"line":26,"column":7},"end":{"line":26,"column":8}},"type":"if","locations":[{"start":{"line":26,"column":7},"end":{"line":26,"column":8}}]},"3":{"loc":{"start":{"line":63,"column":3},"end":{"line":68,"column":null}},"type":"if","locations":[{"start":{"line":63,"column":3},"end":{"line":68,"column":null}}]},"4":{"loc":{"start":{"line":63,"column":7},"end":{"line":63,"column":26}},"type":"binary-expr","locations":[{"start":{"line":63,"column":7},"end":{"line":63,"column":13}},{"start":{"line":63,"column":17},"end":{"line":63,"column":26}}]},"5":{"loc":{"start":{"line":71,"column":3},"end":{"line":76,"column":null}},"type":"if","locations":[{"start":{"line":71,"column":3},"end":{"line":76,"column":null}}]},"6":{"loc":{"start":{"line":80,"column":3},"end":{"line":85,"column":null}},"type":"if","locations":[{"start":{"line":80,"column":3},"end":{"line":85,"column":null}}]},"7":{"loc":{"start":{"line":110,"column":3},"end":{"line":115,"column":null}},"type":"if","locations":[{"start":{"line":110,"column":3},"end":{"line":115,"column":null}}]},"8":{"loc":{"start":{"line":110,"column":7},"end":{"line":110,"column":35}},"type":"binary-expr","locations":[{"start":{"line":110,"column":7},"end":{"line":110,"column":12}},{"start":{"line":110,"column":16},"end":{"line":110,"column":25}},{"start":{"line":110,"column":29},"end":{"line":110,"column":35}}]},"9":{"loc":{"start":{"line":117,"column":3},"end":{"line":122,"column":null}},"type":"if","locations":[{"start":{"line":117,"column":3},"end":{"line":122,"column":null}}]},"10":{"loc":{"start":{"line":126,"column":3},"end":{"line":131,"column":null}},"type":"if","locations":[{"start":{"line":126,"column":3},"end":{"line":131,"column":null}}]},"11":{"loc":{"start":{"line":157,"column":11},"end":{"line":157,"column":33}},"type":"binary-expr","locations":[{"start":{"line":157,"column":11},"end":{"line":157,"column":27}},{"start":{"line":157,"column":31},"end":{"line":157,"column":33}}]}},"s":{"0":1,"1":1,"2":1,"3":15,"4":15,"5":15,"6":15,"7":3,"8":3,"9":2,"10":2,"11":2,"12":2,"13":3,"14":1,"15":1,"16":2,"17":1,"18":1,"19":15,"20":2,"21":2,"22":2,"23":1,"24":1,"25":15,"26":5,"27":5,"28":5,"29":4,"30":2,"31":2,"32":2,"33":2,"34":2,"35":1,"36":1,"37":1,"38":1,"39":1,"40":1,"41":1,"42":0,"43":0,"44":0,"45":1,"46":15,"47":7,"48":7,"49":6,"50":4,"51":4,"52":2,"53":1,"54":1,"55":1,"56":1,"57":1,"58":1,"59":1,"60":0,"61":0,"62":0,"63":0,"64":0,"65":0,"66":0,"67":1,"68":15,"69":1,"70":1,"71":1},"f":{"0":1,"1":15,"2":3,"3":3,"4":2,"5":2,"6":5,"7":5,"8":7,"9":7,"10":1},"b":{"0":[1,1],"1":[3,2],"2":[1],"3":[2],"4":[4,3],"5":[1],"6":[1],"7":[4],"8":[6,3,2],"9":[1],"10":[1],"11":[1,0]}}
,"/Users/lvccwk/Desktop/wear/services/userService.ts": {"path":"/Users/lvccwk/Desktop/wear/services/userService.ts","statementMap":{"0":{"start":{"line":1,"column":0},"end":{"line":1,"column":44}},"1":{"start":{"line":3,"column":0},"end":{"line":3,"column":32}},"2":{"start":{"line":4,"column":0},"end":{"line":4,"column":28}},"3":{"start":{"line":7,"column":0},"end":{"line":7,"column":13}},"4":{"start":{"line":8,"column":21},"end":{"line":8,"column":31}},"5":{"start":{"line":10,"column":7},"end":{"line":18,"column":null}},"6":{"start":{"line":12,"column":14},"end":{"line":12,"column":null}},"7":{"start":{"line":12,"column":7},"end":{"line":12,"column":null}},"8":{"start":{"line":14,"column":3},"end":{"line":14,"column":15}},"9":{"start":{"line":16,"column":3},"end":{"line":16,"column":45}},"10":{"start":{"line":20,"column":7},"end":{"line":40,"column":null}},"11":{"start":{"line":23,"column":2},"end":{"line":23,"column":null}},"12":{"start":{"line":26,"column":23},"end":{"line":26,"column":null}},"13":{"start":{"line":26,"column":6},"end":{"line":26,"column":null}},"14":{"start":{"line":27,"column":14},"end":{"line":33,"column":null}},"15":{"start":{"line":27,"column":6},"end":{"line":33,"column":null}},"16":{"start":{"line":35,"column":2},"end":{"line":35,"column":18}},"17":{"start":{"line":42,"column":7},"end":{"line":52,"column":null}},"18":{"start":{"line":43,"column":19},"end":{"line":48,"column":null}},"19":{"start":{"line":43,"column":8},"end":{"line":48,"column":null}},"20":{"start":{"line":50,"column":28},"end":{"line":50,"column":null}},"21":{"start":{"line":50,"column":8},"end":{"line":50,"column":null}},"22":{"start":{"line":51,"column":2},"end":{"line":51,"column":27}},"23":{"start":{"line":54,"column":7},"end":{"line":69,"column":null}},"24":{"start":{"line":56,"column":2},"end":{"line":56,"column":null}},"25":{"start":{"line":58,"column":23},"end":{"line":58,"column":null}},"26":{"start":{"line":58,"column":6},"end":{"line":58,"column":null}},"27":{"start":{"line":59,"column":6},"end":{"line":59,"column":40}},"28":{"start":{"line":61,"column":14},"end":{"line":67,"column":null}},"29":{"start":{"line":61,"column":6},"end":{"line":67,"column":null}},"30":{"start":{"line":68,"column":2},"end":{"line":68,"column":18}},"31":{"start":{"line":70,"column":0},"end":{"line":70,"column":null}},"32":{"start":{"line":7,"column":13},"end":{"line":7,"column":24}}},"fnMap":{"0":{"name":"(anonymous_14)","decl":{"start":{"line":7,"column":0},"end":{"line":7,"column":13}},"loc":{"start":{"line":7,"column":0},"end":{"line":70,"column":null}}},"1":{"name":"UserService","decl":{"start":{"line":8,"column":1},"end":{"line":8,"column":21}},"loc":{"start":{"line":8,"column":31},"end":{"line":8,"column":35}}},"2":{"name":"(anonymous_16)","decl":{"start":{"line":10,"column":1},"end":{"line":10,"column":7}},"loc":{"start":{"line":10,"column":35},"end":{"line":18,"column":null}}},"3":{"name":"(anonymous_19)","decl":{"start":{"line":20,"column":1},"end":{"line":20,"column":7}},"loc":{"start":{"line":23,"column":52},"end":{"line":40,"column":null}}},"4":{"name":"(anonymous_22)","decl":{"start":{"line":42,"column":1},"end":{"line":42,"column":7}},"loc":{"start":{"line":42,"column":47},"end":{"line":52,"column":null}}},"5":{"name":"(anonymous_25)","decl":{"start":{"line":54,"column":1},"end":{"line":54,"column":7}},"loc":{"start":{"line":56,"column":52},"end":{"line":69,"column":null}}}},"branchMap":{"0":{"loc":{"start":{"line":23,"column":2},"end":{"line":23,"column":null}},"type":"if","locations":[{"start":{"line":23,"column":2},"end":{"line":23,"column":null}}]},"1":{"loc":{"start":{"line":26,"column":23},"end":{"line":26,"column":null}},"type":"switch","locations":[{"start":{"line":26,"column":23},"end":{"line":26,"column":null}}]},"2":{"loc":{"start":{"line":43,"column":19},"end":{"line":48,"column":null}},"type":"switch","locations":[{"start":{"line":43,"column":19},"end":{"line":48,"column":null}}]},"3":{"loc":{"start":{"line":56,"column":2},"end":{"line":56,"column":null}},"type":"if","locations":[{"start":{"line":56,"column":2},"end":{"line":56,"column":null}}]},"4":{"loc":{"start":{"line":58,"column":23},"end":{"line":58,"column":null}},"type":"switch","locations":[{"start":{"line":58,"column":23},"end":{"line":58,"column":null}}]}},"s":{"0":2,"1":2,"2":2,"3":2,"4":16,"5":2,"6":3,"7":2,"8":2,"9":1,"10":2,"11":1,"12":1,"13":1,"14":1,"15":1,"16":1,"17":2,"18":1,"19":1,"20":1,"21":1,"22":1,"23":2,"24":2,"25":1,"26":1,"27":1,"28":1,"29":1,"30":1,"31":2,"32":2},"f":{"0":2,"1":16,"2":3,"3":1,"4":1,"5":1},"b":{"0":[0],"1":[1],"2":[1],"3":[1],"4":[1]}}
,"/Users/lvccwk/Desktop/wear/util/env.ts": {"path":"/Users/lvccwk/Desktop/wear/util/env.ts","statementMap":{"0":{"start":{"line":1,"column":0},"end":{"line":1,"column":28}},"1":{"start":{"line":3,"column":0},"end":{"line":3,"column":16}},"2":{"start":{"line":5,"column":13},"end":{"line":12,"column":2}}},"fnMap":{},"branchMap":{},"s":{"0":1,"1":1,"2":1},"f":{},"b":{}}
,"/Users/lvccwk/Desktop/wear/util/hash.ts": {"path":"/Users/lvccwk/Desktop/wear/util/hash.ts","statementMap":{"0":{"start":{"line":1,"column":0},"end":{"line":1,"column":35}},"1":{"start":{"line":3,"column":20},"end":{"line":3,"column":21}},"2":{"start":{"line":9,"column":22},"end":{"line":9,"column":null}},"3":{"start":{"line":9,"column":7},"end":{"line":9,"column":null}},"4":{"start":{"line":10,"column":1},"end":{"line":10,"column":13}},"5":{"start":{"line":8,"column":0},"end":{"line":8,"column":22}},"6":{"start":{"line":18,"column":28},"end":{"line":18,"column":null}},"7":{"start":{"line":18,"column":7},"end":{"line":18,"column":null}},"8":{"start":{"line":19,"column":1},"end":{"line":19,"column":18}},"9":{"start":{"line":17,"column":0},"end":{"line":17,"column":22}}},"fnMap":{"0":{"name":"hashPassword","decl":{"start":{"line":8,"column":22},"end":{"line":8,"column":34}},"loc":{"start":{"line":8,"column":56},"end":{"line":11,"column":null}}},"1":{"name":"checkPassword","decl":{"start":{"line":17,"column":22},"end":{"line":17,"column":35}},"loc":{"start":{"line":17,"column":81},"end":{"line":20,"column":null}}}},"branchMap":{"0":{"loc":{"start":{"line":9,"column":22},"end":{"line":9,"column":null}},"type":"switch","locations":[{"start":{"line":9,"column":22},"end":{"line":9,"column":null}}]},"1":{"loc":{"start":{"line":18,"column":28},"end":{"line":18,"column":null}},"type":"switch","locations":[{"start":{"line":18,"column":28},"end":{"line":18,"column":null}}]}},"s":{"0":2,"1":2,"2":1,"3":1,"4":1,"5":2,"6":1,"7":1,"8":1,"9":2},"f":{"0":1,"1":1},"b":{"0":[1],"1":[1]}}
,"/Users/lvccwk/Desktop/wear/util/logger.ts": {"path":"/Users/lvccwk/Desktop/wear/util/logger.ts","statementMap":{"0":{"start":{"line":1,"column":0},"end":{"line":1,"column":30}},"1":{"start":{"line":3,"column":18},"end":{"line":6,"column":2}},"2":{"start":{"line":4,"column":12},"end":{"line":4,"column":36}},"3":{"start":{"line":5,"column":1},"end":{"line":5,"column":52}},"4":{"start":{"line":8,"column":13},"end":{"line":12,"column":3}}},"fnMap":{"0":{"name":"(anonymous_1)","decl":{"start":{"line":3,"column":40},"end":{"line":3,"column":50}},"loc":{"start":{"line":3,"column":54},"end":{"line":6,"column":1}}}},"branchMap":{},"s":{"0":1,"1":1,"2":5,"3":5,"4":1},"f":{"0":5},"b":{}}
,"/Users/lvccwk/Desktop/wear/util/test-helper.ts": {"path":"/Users/lvccwk/Desktop/wear/util/test-helper.ts","statementMap":{"0":{"start":{"line":12,"column":1},"end":{"line":26,"column":25}},"1":{"start":{"line":11,"column":0},"end":{"line":11,"column":16}},"2":{"start":{"line":30,"column":1},"end":{"line":37,"column":25}},"3":{"start":{"line":29,"column":0},"end":{"line":29,"column":16}},"4":{"start":{"line":41,"column":14},"end":{"line":41,"column":33}},"5":{"start":{"line":41,"column":28},"end":{"line":41,"column":33}},"6":{"start":{"line":42,"column":18},"end":{"line":42,"column":37}},"7":{"start":{"line":42,"column":32},"end":{"line":42,"column":37}},"8":{"start":{"line":44,"column":1},"end":{"line":50,"column":26}},"9":{"start":{"line":46,"column":3},"end":{"line":46,"column":29}},"10":{"start":{"line":40,"column":0},"end":{"line":40,"column":16}},"11":{"start":{"line":54,"column":14},"end":{"line":54,"column":54}},"12":{"start":{"line":54,"column":28},"end":{"line":54,"column":54}},"13":{"start":{"line":58,"column":1},"end":{"line":63,"column":26}},"14":{"start":{"line":60,"column":3},"end":{"line":60,"column":27}},"15":{"start":{"line":53,"column":0},"end":{"line":53,"column":16}},"16":{"start":{"line":67,"column":14},"end":{"line":67,"column":54}},"17":{"start":{"line":67,"column":28},"end":{"line":67,"column":54}},"18":{"start":{"line":69,"column":1},"end":{"line":74,"column":26}},"19":{"start":{"line":71,"column":3},"end":{"line":71,"column":19}},"20":{"start":{"line":66,"column":0},"end":{"line":66,"column":16}},"21":{"start":{"line":78,"column":14},"end":{"line":78,"column":44}},"22":{"start":{"line":78,"column":28},"end":{"line":78,"column":44}},"23":{"start":{"line":80,"column":1},"end":{"line":85,"column":26}},"24":{"start":{"line":82,"column":3},"end":{"line":82,"column":27}},"25":{"start":{"line":77,"column":0},"end":{"line":77,"column":16}},"26":{"start":{"line":89,"column":14},"end":{"line":89,"column":33}},"27":{"start":{"line":89,"column":28},"end":{"line":89,"column":33}},"28":{"start":{"line":92,"column":1},"end":{"line":98,"column":26}},"29":{"start":{"line":94,"column":3},"end":{"line":94,"column":19}},"30":{"start":{"line":88,"column":0},"end":{"line":88,"column":16}},"31":{"start":{"line":102,"column":1},"end":{"line":108,"column":25}},"32":{"start":{"line":101,"column":0},"end":{"line":101,"column":16}}},"fnMap":{"0":{"name":"createRequest","decl":{"start":{"line":11,"column":16},"end":{"line":11,"column":29}},"loc":{"start":{"line":11,"column":29},"end":{"line":27,"column":1}}},"1":{"name":"createNewAcRequest","decl":{"start":{"line":29,"column":16},"end":{"line":29,"column":34}},"loc":{"start":{"line":29,"column":34},"end":{"line":38,"column":1}}},"2":{"name":"createResponse","decl":{"start":{"line":40,"column":16},"end":{"line":40,"column":30}},"loc":{"start":{"line":40,"column":30},"end":{"line":51,"column":1}}},"3":{"name":"(anonymous_3)","decl":{"start":{"line":41,"column":22},"end":{"line":41,"column":28}},"loc":{"start":{"line":41,"column":22},"end":{"line":41,"column":32}}},"4":{"name":"(anonymous_4)","decl":{"start":{"line":42,"column":26},"end":{"line":42,"column":32}},"loc":{"start":{"line":42,"column":26},"end":{"line":42,"column":36}}},"5":{"name":"(anonymous_5)","decl":{"start":{"line":45,"column":18},"end":{"line":45,"column":19}},"loc":{"start":{"line":45,"column":33},"end":{"line":47,"column":3}}},"6":{"name":"createResponse500","decl":{"start":{"line":53,"column":16},"end":{"line":53,"column":33}},"loc":{"start":{"line":53,"column":33},"end":{"line":64,"column":1}}},"7":{"name":"(anonymous_7)","decl":{"start":{"line":54,"column":22},"end":{"line":54,"column":28}},"loc":{"start":{"line":54,"column":22},"end":{"line":54,"column":53}}},"8":{"name":"(anonymous_8)","decl":{"start":{"line":59,"column":18},"end":{"line":59,"column":19}},"loc":{"start":{"line":59,"column":33},"end":{"line":61,"column":3}}},"9":{"name":"createResponseLogin","decl":{"start":{"line":66,"column":16},"end":{"line":66,"column":35}},"loc":{"start":{"line":66,"column":35},"end":{"line":75,"column":1}}},"10":{"name":"(anonymous_10)","decl":{"start":{"line":67,"column":22},"end":{"line":67,"column":28}},"loc":{"start":{"line":67,"column":22},"end":{"line":67,"column":53}}},"11":{"name":"(anonymous_11)","decl":{"start":{"line":70,"column":18},"end":{"line":70,"column":19}},"loc":{"start":{"line":70,"column":33},"end":{"line":72,"column":3}}},"12":{"name":"createResponseLogin402","decl":{"start":{"line":77,"column":16},"end":{"line":77,"column":38}},"loc":{"start":{"line":77,"column":38},"end":{"line":86,"column":1}}},"13":{"name":"(anonymous_13)","decl":{"start":{"line":78,"column":22},"end":{"line":78,"column":28}},"loc":{"start":{"line":78,"column":22},"end":{"line":78,"column":43}}},"14":{"name":"(anonymous_14)","decl":{"start":{"line":81,"column":18},"end":{"line":81,"column":19}},"loc":{"start":{"line":81,"column":33},"end":{"line":83,"column":3}}},"15":{"name":"createResponseLoginOk","decl":{"start":{"line":88,"column":16},"end":{"line":88,"column":37}},"loc":{"start":{"line":88,"column":37},"end":{"line":99,"column":1}}},"16":{"name":"(anonymous_16)","decl":{"start":{"line":89,"column":22},"end":{"line":89,"column":28}},"loc":{"start":{"line":89,"column":22},"end":{"line":89,"column":32}}},"17":{"name":"(anonymous_17)","decl":{"start":{"line":93,"column":18},"end":{"line":93,"column":19}},"loc":{"start":{"line":93,"column":33},"end":{"line":95,"column":3}}},"18":{"name":"createLoginRequest","decl":{"start":{"line":101,"column":16},"end":{"line":101,"column":34}},"loc":{"start":{"line":101,"column":34},"end":{"line":109,"column":1}}}},"branchMap":{},"s":{"0":15,"1":1,"2":3,"3":1,"4":16,"5":9,"6":16,"7":3,"8":16,"9":8,"10":1,"11":4,"12":3,"13":4,"14":3,"15":1,"16":2,"17":1,"18":2,"19":1,"20":1,"21":2,"22":1,"23":2,"24":1,"25":1,"26":2,"27":1,"28":2,"29":1,"30":1,"31":1,"32":1},"f":{"0":15,"1":3,"2":16,"3":9,"4":3,"5":8,"6":4,"7":3,"8":3,"9":2,"10":1,"11":1,"12":2,"13":1,"14":1,"15":2,"16":1,"17":1,"18":1},"b":{}}
}
