TN:
SF:knexfile.ts
FNF:0
FNH:0
DA:2,1
DA:4,1
DA:71,1
LF:3
LH:3
BRF:0
BRH:0
end_of_record
TN:
SF:controllers\userController.ts
FN:15,(anonymous_13)
FN:16,UserController
FN:18,(anonymous_15)
FN:18,(anonymous_16)
FN:47,(anonymous_18)
FN:47,(anonymous_19)
FN:59,(anonymous_21)
FN:59,(anonymous_22)
FN:106,(anonymous_24)
FN:106,(anonymous_25)
FN:154,(anonymous_27)
FNF:11
FNH:11
FNDA:1,(anonymous_13)
FNDA:10,UserController
FNDA:1,(anonymous_15)
FNDA:1,(anonymous_16)
FNDA:1,(anonymous_18)
FNDA:1,(anonymous_19)
FNDA:3,(anonymous_21)
FNDA:3,(anonymous_22)
FNDA:6,(anonymous_24)
FNDA:6,(anonymous_25)
FNDA:1,(anonymous_27)
DA:3,1
DA:4,1
DA:15,1
DA:16,10
DA:18,10
DA:20,1
DA:22,1
DA:24,1
DA:26,2
DA:31,0
DA:36,1
DA:40,0
DA:41,0
DA:47,10
DA:48,1
DA:49,1
DA:50,1
DA:53,0
DA:59,10
DA:61,3
DA:62,3
DA:63,3
DA:64,2
DA:67,2
DA:70,1
DA:71,1
DA:72,0
DA:75,0
DA:78,1
DA:80,1
DA:81,1
DA:84,1
DA:87,0
DA:89,0
DA:97,0
DA:100,0
DA:106,10
DA:108,6
DA:110,6
DA:111,4
DA:114,4
DA:117,2
DA:118,1
DA:121,1
DA:124,1
DA:126,1
DA:127,1
DA:130,1
DA:133,0
DA:135,0
DA:137,0
DA:138,0
DA:144,0
DA:148,0
DA:154,10
DA:155,1
DA:158,1
LF:57
LH:41
BRDA:20,0,0,1
BRDA:20,0,1,0
BRDA:20,1,0,1
BRDA:20,1,1,1
BRDA:26,2,0,1
BRDA:63,3,0,2
BRDA:63,4,0,3
BRDA:63,4,1,2
BRDA:71,5,0,0
BRDA:80,6,0,1
BRDA:110,7,0,4
BRDA:110,8,0,6
BRDA:110,8,1,3
BRDA:110,8,2,2
BRDA:117,9,0,1
BRDA:126,10,0,1
BRDA:155,11,0,1
BRDA:155,11,1,0
BRF:18
BRH:15
end_of_record
TN:
SF:services\userService.ts
FN:7,(anonymous_14)
FN:8,UserService
FN:10,(anonymous_16)
FN:20,(anonymous_19)
FN:41,(anonymous_22)
FN:53,(anonymous_25)
FNF:6
FNH:2
FNDA:2,(anonymous_14)
FNDA:11,UserService
FNDA:0,(anonymous_16)
FNDA:0,(anonymous_19)
FNDA:0,(anonymous_22)
FNDA:0,(anonymous_25)
DA:1,2
DA:3,2
DA:4,2
DA:7,2
DA:8,11
DA:10,2
DA:12,0
DA:14,0
DA:16,0
DA:20,2
DA:23,0
DA:26,0
DA:34,0
DA:37,0
DA:41,2
DA:42,0
DA:49,0
DA:50,0
DA:53,2
DA:55,0
DA:57,0
DA:58,0
DA:60,0
DA:67,0
DA:69,2
LF:25
LH:10
BRDA:23,0,0,0
BRDA:42,1,0,0
BRDA:55,2,0,0
BRDA:57,3,0,0
BRF:4
BRH:0
end_of_record
TN:
SF:util\env.ts
FNF:0
FNH:0
DA:1,1
DA:3,1
DA:5,1
LF:3
LH:3
BRF:0
BRH:0
end_of_record
TN:
SF:util\hash.ts
FN:8,hashPassword
FN:17,checkPassword
FNF:2
FNH:2
FNDA:1,hashPassword
FNDA:1,checkPassword
DA:1,2
DA:3,2
DA:8,2
DA:9,1
DA:10,1
DA:17,2
DA:18,1
DA:19,1
LF:8
LH:8
BRDA:9,0,0,1
BRDA:18,1,0,1
BRF:2
BRH:2
end_of_record
TN:
SF:util\logger.ts
FN:3,(anonymous_1)
FNF:1
FNH:1
FNDA:3,(anonymous_1)
DA:1,1
DA:3,1
DA:4,3
DA:5,3
DA:8,1
LF:5
LH:5
BRF:0
BRH:0
end_of_record
TN:
SF:util\test-helper.ts
FN:11,createRequest
FN:22,createResponse
FN:23,(anonymous_2)
FN:24,(anonymous_3)
FN:27,(anonymous_4)
FNF:5
FNH:5
FNDA:10,createRequest
FNDA:10,createResponse
FNDA:10,(anonymous_2)
FNDA:2,(anonymous_3)
FNDA:9,(anonymous_4)
DA:11,1
DA:12,10
DA:22,1
DA:23,10
DA:24,10
DA:26,10
DA:28,9
LF:7
LH:7
BRF:0
BRH:0
end_of_record
