TN:
SF:knexfile.ts
FNF:0
FNH:0
DA:2,1
DA:4,1
DA:71,1
LF:3
LH:3
BRF:0
BRH:0
end_of_record
TN:
SF:controllers/userController.ts
FN:15,(anonymous_13)
FN:16,UserController
FN:18,(anonymous_15)
FN:18,(anonymous_16)
FN:47,(anonymous_18)
FN:47,(anonymous_19)
FN:59,(anonymous_21)
FN:59,(anonymous_22)
FN:106,(anonymous_24)
FN:106,(anonymous_25)
FN:156,(anonymous_27)
FNF:11
FNH:11
FNDA:1,(anonymous_13)
FNDA:15,UserController
FNDA:3,(anonymous_15)
FNDA:3,(anonymous_16)
FNDA:2,(anonymous_18)
FNDA:2,(anonymous_19)
FNDA:5,(anonymous_21)
FNDA:5,(anonymous_22)
FNDA:7,(anonymous_24)
FNDA:7,(anonymous_25)
FNDA:1,(anonymous_27)
DA:3,1
DA:4,1
DA:15,1
DA:16,15
DA:18,15
DA:20,3
DA:22,2
DA:24,2
DA:26,3
DA:31,1
DA:36,2
DA:40,1
DA:41,1
DA:47,15
DA:48,2
DA:49,2
DA:50,1
DA:53,1
DA:59,15
DA:61,5
DA:62,5
DA:63,4
DA:64,2
DA:67,2
DA:70,2
DA:71,2
DA:72,1
DA:75,1
DA:78,1
DA:80,1
DA:81,1
DA:84,1
DA:87,0
DA:89,0
DA:97,0
DA:100,1
DA:106,15
DA:108,7
DA:110,6
DA:111,4
DA:114,4
DA:117,2
DA:118,1
DA:121,1
DA:124,1
DA:126,1
DA:127,1
DA:130,1
DA:133,0
DA:135,0
DA:137,0
DA:138,0
DA:144,0
DA:150,1
DA:156,15
DA:157,1
DA:160,1
LF:57
LH:49
BRDA:20,0,0,1
BRDA:20,0,1,1
BRDA:20,1,0,3
BRDA:20,1,1,2
BRDA:26,2,0,1
BRDA:63,3,0,2
BRDA:63,4,0,4
BRDA:63,4,1,3
BRDA:71,5,0,1
BRDA:80,6,0,1
BRDA:110,7,0,4
BRDA:110,8,0,6
BRDA:110,8,1,3
BRDA:110,8,2,2
BRDA:117,9,0,1
BRDA:126,10,0,1
BRDA:157,11,0,1
BRDA:157,11,1,0
BRF:18
BRH:17
end_of_record
TN:
SF:services/userService.ts
FN:7,(anonymous_14)
FN:8,UserService
FN:10,(anonymous_16)
FN:20,(anonymous_19)
FN:42,(anonymous_22)
FN:54,(anonymous_25)
FNF:6
FNH:6
FNDA:2,(anonymous_14)
FNDA:16,UserService
FNDA:3,(anonymous_16)
FNDA:1,(anonymous_19)
FNDA:1,(anonymous_22)
FNDA:1,(anonymous_25)
DA:1,2
DA:3,2
DA:4,2
DA:7,2
DA:8,16
DA:10,2
DA:12,3
DA:14,2
DA:16,1
DA:20,2
DA:23,1
DA:26,1
DA:27,1
DA:35,1
DA:42,2
DA:43,1
DA:50,1
DA:51,1
DA:54,2
DA:56,2
DA:58,1
DA:59,1
DA:61,1
DA:68,1
DA:70,2
LF:25
LH:25
BRDA:23,0,0,0
BRDA:26,1,0,1
BRDA:43,2,0,1
BRDA:56,3,0,1
BRDA:58,4,0,1
BRF:5
BRH:4
end_of_record
TN:
SF:util/env.ts
FNF:0
FNH:0
DA:1,1
DA:3,1
DA:5,1
LF:3
LH:3
BRF:0
BRH:0
end_of_record
TN:
SF:util/hash.ts
FN:8,hashPassword
FN:17,checkPassword
FNF:2
FNH:2
FNDA:1,hashPassword
FNDA:1,checkPassword
DA:1,2
DA:3,2
DA:8,2
DA:9,1
DA:10,1
DA:17,2
DA:18,1
DA:19,1
LF:8
LH:8
BRDA:9,0,0,1
BRDA:18,1,0,1
BRF:2
BRH:2
end_of_record
TN:
SF:util/logger.ts
FN:3,(anonymous_1)
FNF:1
FNH:1
FNDA:5,(anonymous_1)
DA:1,1
DA:3,1
DA:4,5
DA:5,5
DA:8,1
LF:5
LH:5
BRF:0
BRH:0
end_of_record
TN:
SF:util/test-helper.ts
FN:11,createRequest
FN:29,createNewAcRequest
FN:40,createResponse
FN:41,(anonymous_3)
FN:42,(anonymous_4)
FN:45,(anonymous_5)
FN:53,createResponse500
FN:54,(anonymous_7)
FN:59,(anonymous_8)
FN:66,createResponseLogin
FN:67,(anonymous_10)
FN:70,(anonymous_11)
FN:77,createResponseLogin402
FN:78,(anonymous_13)
FN:81,(anonymous_14)
FN:88,createResponseLoginOk
FN:89,(anonymous_16)
FN:93,(anonymous_17)
FN:101,createLoginRequest
FNF:19
FNH:19
FNDA:15,createRequest
FNDA:3,createNewAcRequest
FNDA:16,createResponse
FNDA:9,(anonymous_3)
FNDA:3,(anonymous_4)
FNDA:8,(anonymous_5)
FNDA:4,createResponse500
FNDA:3,(anonymous_7)
FNDA:3,(anonymous_8)
FNDA:2,createResponseLogin
FNDA:1,(anonymous_10)
FNDA:1,(anonymous_11)
FNDA:2,createResponseLogin402
FNDA:1,(anonymous_13)
FNDA:1,(anonymous_14)
FNDA:2,createResponseLoginOk
FNDA:1,(anonymous_16)
FNDA:1,(anonymous_17)
FNDA:1,createLoginRequest
DA:11,1
DA:12,15
DA:29,1
DA:30,3
DA:40,1
DA:41,16
DA:42,16
DA:44,16
DA:46,8
DA:53,1
DA:54,4
DA:58,4
DA:60,3
DA:66,1
DA:67,2
DA:69,2
DA:71,1
DA:77,1
DA:78,2
DA:80,2
DA:82,1
DA:88,1
DA:89,2
DA:92,2
DA:94,1
DA:101,1
DA:102,1
LF:27
LH:27
BRF:0
BRH:0
end_of_record
